<?xml version="1.0" encoding="UTF-8"?>
<!-- Generated by org.testng.reporters.JUnitReportReporter -->
<testsuite hostname="DESKTOP-B1HDJAB" failures="0" tests="1" name="parameter.ReadDataFromSystemTest" time="0.011" errors="0" timestamp="2022-03-16T10:52:26 IST" skipped="0">
  <testcase classname="parameter.ReadDataFromSystemTest" name="readDataTest" time="0.011"/>
  <system-out/>
</testsuite> <!-- parameter.ReadDataFromSystemTest -->
